d:\__engineering__\_programowanie_\magerage\magerage\magerage\x64\debug\vc140.pdb
d:\__engineering__\_programowanie_\magerage\magerage\magerage\x64\debug\vc140.idb
d:\__engineering__\_programowanie_\magerage\magerage\magerage\x64\debug\canimation.obj
d:\__engineering__\_programowanie_\magerage\magerage\magerage\x64\debug\canimator.obj
d:\__engineering__\_programowanie_\magerage\magerage\magerage\x64\debug\centitymanager.obj
d:\__engineering__\_programowanie_\magerage\magerage\magerage\x64\debug\cforce.obj
d:\__engineering__\_programowanie_\magerage\magerage\magerage\x64\debug\cgame.obj
d:\__engineering__\_programowanie_\magerage\magerage\magerage\x64\debug\cphysicsbody.obj
d:\__engineering__\_programowanie_\magerage\magerage\magerage\x64\debug\cphysicscollision.obj
d:\__engineering__\_programowanie_\magerage\magerage\magerage\x64\debug\cphysicsmanager.obj
d:\__engineering__\_programowanie_\magerage\magerage\magerage\x64\debug\main.obj
d:\__engineering__\_programowanie_\magerage\magerage\magerage\x64\debug\centity.obj
d:\__engineering__\_programowanie_\magerage\magerage\magerage\x64\debug\ctexturemanager.obj
d:\__engineering__\_programowanie_\magerage\magerage\x64\debug\magerage.ilk
d:\__engineering__\_programowanie_\magerage\magerage\x64\debug\magerage.exe
d:\__engineering__\_programowanie_\magerage\magerage\x64\debug\magerage.pdb
d:\__engineering__\_programowanie_\magerage\magerage\magerage\x64\debug\magerage.tlog\cl.command.1.tlog
d:\__engineering__\_programowanie_\magerage\magerage\magerage\x64\debug\magerage.tlog\cl.read.1.tlog
d:\__engineering__\_programowanie_\magerage\magerage\magerage\x64\debug\magerage.tlog\cl.write.1.tlog
d:\__engineering__\_programowanie_\magerage\magerage\magerage\x64\debug\magerage.tlog\link.command.1.tlog
d:\__engineering__\_programowanie_\magerage\magerage\magerage\x64\debug\magerage.tlog\link.read.1.tlog
d:\__engineering__\_programowanie_\magerage\magerage\magerage\x64\debug\magerage.tlog\link.write.1.tlog
